<?xml version="1.0" encoding="UTF-8"?>
<!-- Generated by org.testng.reporters.JUnitReportReporter -->
<testsuite skipped="0" hostname="DESKTOP-HAC2EQ0" name="testCases.Test_ProductPage" tests="2" failures="0" timestamp="2022-11-20T15:40:33 BDT" time="63.381" errors="0">
  <testcase name="test_product_title_text" time="41.583" classname="testCases.Test_ProductPage"/>
  <system-out/>
  <testcase name="test_login" time="21.798" classname="testCases.Test_ProductPage"/>
  <system-out/>
</testsuite> <!-- testCases.Test_ProductPage -->
