<?xml version="1.0" encoding="UTF-8"?>
<!-- Generated by org.testng.reporters.JUnitReportReporter -->
<testsuite hostname="Al-Amin" failures="0" tests="3" name="testCases.Test_Product" time="71.231" errors="0" timestamp="2024-02-14T21:22:06 BDT" skipped="0">
  <testcase classname="testCases.Test_Product" name="test_product_title_text" time="27.913"/>
  <system-out/>
  <testcase classname="testCases.Test_Product" name="test_login" time="29.601"/>
  <system-out/>
  <testcase classname="testCases.Test_Product" name="test_all_product_count" time="13.717"/>
  <system-out/>
</testsuite> <!-- testCases.Test_Product -->
